admin
administrator
ansible
apache
aws
azure
azureuser
backup
bamboo
bin
cassandra
centos
chef
circleci
cloud-user
cloudadmin
daemon
db2
defaultuser0
docker
ec2-user
ftp
gcp
gitea
gitlab
guest
helpdesk
httpd
iis
jenkins
k8s
kubernetes
lighttpd
localadmin
mail
mariadb
mongo
mongodb
mssql
mysql
nginx
nobody
nologin
opc
operator
oracle
postgres
postgresql
postmaster
puppet
redis
root
service
smtp
sqlserver
ssh
superuser
support
sys
sysadmin
system
terraform
tomcat
toor
travis
ubuntu
user
vagrant
webadmin
webmaster
winuser
www
www-data
